<?xml version="1.0" encoding="UTF-8"?>
<!-- Generated by org.testng.reporters.JUnitReportReporter -->
<testsuite skipped="0" hostname="Anamikas-MacBook-Air.local" name="com.testingworld.mavenjob.AppTest" tests="1" failures="0" timestamp="23 Jul 2019 19:49:39 GMT" time="3.951" errors="0">
  <testcase name="setup" time="3.951" classname="com.testingworld.mavenjob.AppTest"/>
</testsuite> <!-- com.testingworld.mavenjob.AppTest -->
